<?xml version="1.0" encoding="UTF-8"?>
<!-- Generated by org.testng.reporters.JUnitReportReporter -->
<testsuite skipped="0" hostname="Vishnus-MBP" name="runner.Default" tests="24" failures="0" timestamp="28 May 2019 03:39:54 GMT" time="216.612" errors="0">
  <testcase name="runScenario" time="5.986" classname="runner.Default"/>
  <testcase name="runScenario" time="6.065" classname="runner.Default"/>
  <testcase name="runScenario" time="4.060" classname="runner.Default"/>
  <testcase name="runScenario" time="6.045" classname="runner.Default"/>
  <testcase name="runScenario" time="42.131" classname="runner.Default"/>
  <testcase name="runScenario" time="6.034" classname="runner.Default"/>
  <testcase name="runScenario" time="4.038" classname="runner.Default"/>
  <testcase name="runScenario" time="4.060" classname="runner.Default"/>
  <testcase name="runScenario" time="6.015" classname="runner.Default"/>
  <testcase name="runScenario" time="6.011" classname="runner.Default"/>
  <testcase name="runScenario" time="5.941" classname="runner.Default"/>
  <testcase name="runScenario" time="5.958" classname="runner.Default"/>
  <testcase name="runScenario" time="5.967" classname="runner.Default"/>
  <testcase name="runScenario" time="6.032" classname="runner.Default"/>
  <testcase name="runScenario" time="6.025" classname="runner.Default"/>
  <testcase name="runScenario" time="4.072" classname="runner.Default"/>
  <testcase name="runScenario" time="10.069" classname="runner.Default"/>
  <testcase name="runScenario" time="6.050" classname="runner.Default"/>
  <testcase name="runScenario" time="6.055" classname="runner.Default"/>
  <testcase name="runScenario" time="5.880" classname="runner.Default"/>
  <testcase name="runScenario" time="5.970" classname="runner.Default"/>
  <testcase name="runScenario" time="6.075" classname="runner.Default"/>
  <testcase name="runScenario" time="10.009" classname="runner.Default"/>
  <testcase name="runScenario" time="42.064" classname="runner.Default"/>
</testsuite> <!-- runner.Default -->
