<?xml version="1.0" encoding="UTF-8"?>
<!-- Generated by org.testng.reporters.JUnitReportReporter -->
<testsuite skipped="0" hostname="cimora02-priv.qa.dc2.beachbody.com" name="com.beachbody.automation.runners.DefaultRunner" tests="1" failures="0" timestamp="03 Jun 2019 07:48:47 GMT" time="245.255" errors="0">
  <testcase name="runScenario" time="245.255" classname="com.beachbody.automation.runners.DefaultRunner"/>
</testsuite> <!-- com.beachbody.automation.runners.DefaultRunner -->
