<?xml version="1.0" encoding="UTF-8"?>
<!-- Generated by org.testng.reporters.JUnitReportReporter -->
<testsuite skipped="0" hostname="cimora02-priv.qa.dc2.beachbody.com" name="com.beachbody.automation.runners.DefaultRunner" tests="1" failures="0" timestamp="03 Jun 2019 08:08:24 GMT" time="229.936" errors="1">
  <testcase name="runScenario" time="229.936" classname="com.beachbody.automation.runners.DefaultRunner">
    <error type="java.lang.RuntimeException" message="Last name did not match">
      <![CDATA[java.lang.RuntimeException: Last name did not match
at com.beachbody.automation.pages.OIM_Page.validateCustomerDetails(OIM_Page.java:331)
at com.beachbody.automation.stepdefs.OIM_StepDefs.i_should_be_able_to_validate_the_customer_details_in_OIM(OIM_StepDefs.java:64)
at âœ½.I should be able to validate the customer details in OIM(file:src/test/resources/features/e2e/TCID_C6209824.feature:30)
]]>
    </error>
  </testcase> <!-- runScenario -->
</testsuite> <!-- com.beachbody.automation.runners.DefaultRunner -->
