<?xml version="1.0" encoding="UTF-8"?>
<!-- Generated by org.testng.reporters.JUnitReportReporter -->
<testsuite skipped="1" hostname="cimora02-priv.qa.dc2.beachbody.com" name="com.beachbody.automation.runners.DefaultRunner" tests="1" failures="0" timestamp="02 Jun 2019 21:24:24 GMT" time="239.310" errors="0">
  <testcase name="runScenario" time="239.310" classname="com.beachbody.automation.runners.DefaultRunner">
    <skipped/>
  </testcase> <!-- runScenario -->
</testsuite> <!-- com.beachbody.automation.runners.DefaultRunner -->
