<?xml version="1.0" encoding="UTF-8"?>
<!-- Generated by org.testng.reporters.JUnitReportReporter -->
<testsuite skipped="0" hostname="Vishnus-MacBook-Pro.local" name="runner.SecondRunner" tests="6" failures="0" timestamp="20 May 2019 23:09:17 GMT" time="25.416" errors="0">
  <testcase name="runScenario" time="4.236" classname="runner.SecondRunner"/>
  <testcase name="runScenario" time="4.233" classname="runner.SecondRunner"/>
  <testcase name="runScenario" time="4.241" classname="runner.SecondRunner"/>
  <testcase name="runScenario" time="4.238" classname="runner.SecondRunner"/>
  <testcase name="runScenario" time="4.235" classname="runner.SecondRunner"/>
  <testcase name="runScenario" time="4.233" classname="runner.SecondRunner"/>
</testsuite> <!-- runner.SecondRunner -->
