<?xml version="1.0" encoding="UTF-8"?>
<!-- Generated by org.testng.reporters.JUnitReportReporter -->
<testsuite skipped="0" hostname="cimora02-priv.qa.dc2.beachbody.com" name="com.beachbody.automation.runners.DefaultRunner" tests="1" failures="0" timestamp="03 Jun 2019 07:09:51 GMT" time="60.099" errors="1">
  <testcase name="runScenario" time="60.099" classname="com.beachbody.automation.runners.DefaultRunner">
    <error type="java.util.MissingResourceException" message="Can&#039;t find bundle for base name com.beachbody.automation.elementlib.COO_LoginPage, locale en_US">
      <![CDATA[java.util.MissingResourceException: Can't find bundle for base name com.beachbody.automation.elementlib.COO_LoginPage, locale en_US
at java.util.ResourceBundle.throwMissingResourceException(ResourceBundle.java:1564)
at java.util.ResourceBundle.getBundleImpl(ResourceBundle.java:1387)
at java.util.ResourceBundle.getBundle(ResourceBundle.java:773)
at com.beachbody.automation.pages.COO_LoginPage.<init>(COO_LoginPage.java:14)
at com.beachbody.automation.stepdefs.COO_CustomerAndOrderDetailsDefs.i_am_logged_in_to_COO(Unknown Source)
at âœ½.I am logged in to COO(file:src/test/resources/features/e2e/TCID_C6209824.feature:42)
]]>
    </error>
  </testcase> <!-- runScenario -->
</testsuite> <!-- com.beachbody.automation.runners.DefaultRunner -->
