<?xml version="1.0" encoding="UTF-8"?>
<!-- Generated by org.testng.reporters.JUnitReportReporter -->
<testsuite skipped="0" hostname="HW0281" name="com.beachbody.automation.runners.DefaultRunner" tests="1" failures="0" timestamp="03 Jun 2019 06:34:45 GMT" time="166.140" errors="1">
  <testcase name="runScenario" time="166.140" classname="com.beachbody.automation.runners.DefaultRunner">
    <error type="java.lang.RuntimeException" message="email not enteredjava.lang.IllegalArgumentException: Keys to send should be a not null CharSequence">
      <![CDATA[java.lang.RuntimeException: email not enteredjava.lang.IllegalArgumentException: Keys to send should be a not null CharSequence
at com.beachbody.automation.pages.BYD_Page.enterEmail(BYD_Page.java:61)
at com.beachbody.automation.stepdefs.BYDStepDefs.i_search_for_customer_with_in_ByDesign(BYDStepDefs.java:44)
at âœ½.I search for customer with email in ByDesign(file:src/test/resources/features/e2e/TCID_C6209824.feature:33)
]]>
    </error>
  </testcase> <!-- runScenario -->
</testsuite> <!-- com.beachbody.automation.runners.DefaultRunner -->
